<?xml version="1.0" encoding="UTF-8"?>
<testng-results skipped="0" failed="0" ignored="0" total="1" passed="1">
  <reporter-output>
  </reporter-output>
  <suite name="Default suite" duration-ms="25060" started-at="2020-03-01T18:12:14Z" finished-at="2020-03-01T18:12:39Z">
    <groups>
    </groups>
    <test name="Default test" duration-ms="25060" started-at="2020-03-01T18:12:14Z" finished-at="2020-03-01T18:12:39Z">
      <class name="com.testing.DDFramework.StoreAllData">
        <test-method status="PASS" signature="openBrowser()[pri:0, instance:com.testing.DDFramework.StoreAllData@6a4f787b]" name="openBrowser" is-config="true" duration-ms="14393" started-at="2020-03-01T18:12:14Z" finished-at="2020-03-01T18:12:28Z">
          <reporter-output>
          </reporter-output>
        </test-method> <!-- openBrowser -->
        <test-method status="PASS" signature="operation()[pri:0, instance:com.testing.DDFramework.StoreAllData@6a4f787b]" name="operation" duration-ms="10636" started-at="2020-03-01T18:12:28Z" finished-at="2020-03-01T18:12:39Z">
          <reporter-output>
          </reporter-output>
        </test-method> <!-- operation -->
      </class> <!-- com.testing.DDFramework.StoreAllData -->
    </test> <!-- Default test -->
  </suite> <!-- Default suite -->
</testng-results>
