<?xml version="1.0" encoding="UTF-8"?>
<testng-results skipped="0" failed="0" ignored="0" total="1" passed="1">
  <reporter-output>
  </reporter-output>
  <suite name="Default suite" duration-ms="89738" started-at="2020-11-29T14:03:11Z" finished-at="2020-11-29T14:04:41Z">
    <groups>
    </groups>
    <test name="Default test" duration-ms="89738" started-at="2020-11-29T14:03:11Z" finished-at="2020-11-29T14:04:41Z">
      <class name="DataDriven_TestCase.Programe_Tc1">
        <test-method status="PASS" signature="openBrow()[pri:0, instance:DataDriven_TestCase.Programe_Tc1@5f341870]" name="openBrow" is-config="true" duration-ms="23993" started-at="2020-11-29T14:03:11Z" finished-at="2020-11-29T14:03:35Z">
          <reporter-output>
          </reporter-output>
        </test-method> <!-- openBrow -->
        <test-method status="PASS" signature="executePlan()[pri:0, instance:DataDriven_TestCase.Programe_Tc1@5f341870]" name="executePlan" duration-ms="65702" started-at="2020-11-29T14:03:35Z" finished-at="2020-11-29T14:04:41Z">
          <reporter-output>
          </reporter-output>
        </test-method> <!-- executePlan -->
      </class> <!-- DataDriven_TestCase.Programe_Tc1 -->
    </test> <!-- Default test -->
  </suite> <!-- Default suite -->
</testng-results>
